<?xml version="1.0" encoding="UTF-8"?>
<testsuite xmlns:xsi="http://www.w3.org/2001/XMLSchema-instance" xsi:noNamespaceSchemaLocation="https://maven.apache.org/surefire/maven-surefire-plugin/xsd/surefire-test-report.xsd" name="com.sorbonne.pstl.AppTest" time="0.025" tests="1" errors="0" skipped="0" failures="0">
  <properties>
    <property name="java.specification.version" value="17"/>
    <property name="sun.jnu.encoding" value="UTF-8"/>
    <property name="java.class.path" value="/home/lecasseur/git/pstl-aboubacar-shuhan/target/test-classes:/home/lecasseur/git/pstl-aboubacar-shuhan/target/classes:/home/lecasseur/.m2/repository/junit/junit/4.11/junit-4.11.jar:/home/lecasseur/.m2/repository/org/hamcrest/hamcrest-core/1.3/hamcrest-core-1.3.jar:/home/lecasseur/.m2/repository/org/eclipse/jdt/org.eclipse.jdt.core/3.33.0/org.eclipse.jdt.core-3.33.0.jar:/home/lecasseur/.m2/repository/org/eclipse/platform/org.eclipse.core.resources/3.18.200/org.eclipse.core.resources-3.18.200.jar:/home/lecasseur/.m2/repository/org/eclipse/platform/org.eclipse.core.expressions/3.8.200/org.eclipse.core.expressions-3.8.200.jar:/home/lecasseur/.m2/repository/org/eclipse/platform/org.eclipse.osgi/3.18.300/org.eclipse.osgi-3.18.300.jar:/home/lecasseur/.m2/repository/org/eclipse/platform/org.eclipse.core.runtime/3.26.100/org.eclipse.core.runtime-3.26.100.jar:/home/lecasseur/.m2/repository/org/eclipse/platform/org.eclipse.equinox.common/3.17.0/org.eclipse.equinox.common-3.17.0.jar:/home/lecasseur/.m2/repository/org/eclipse/platform/org.eclipse.core.jobs/3.13.200/org.eclipse.core.jobs-3.13.200.jar:/home/lecasseur/.m2/repository/org/eclipse/platform/org.eclipse.equinox.registry/3.11.200/org.eclipse.equinox.registry-3.11.200.jar:/home/lecasseur/.m2/repository/org/eclipse/platform/org.eclipse.equinox.preferences/3.10.100/org.eclipse.equinox.preferences-3.10.100.jar:/home/lecasseur/.m2/repository/org/osgi/org.osgi.service.prefs/1.1.2/org.osgi.service.prefs-1.1.2.jar:/home/lecasseur/.m2/repository/org/osgi/osgi.annotation/8.0.1/osgi.annotation-8.0.1.jar:/home/lecasseur/.m2/repository/org/eclipse/platform/org.eclipse.core.contenttype/3.8.200/org.eclipse.core.contenttype-3.8.200.jar:/home/lecasseur/.m2/repository/org/eclipse/platform/org.eclipse.equinox.app/1.6.200/org.eclipse.equinox.app-1.6.200.jar:/home/lecasseur/.m2/repository/org/eclipse/platform/org.eclipse.core.filesystem/1.9.500/org.eclipse.core.filesystem-1.9.500.jar:/home/lecasseur/.m2/repository/org/eclipse/platform/org.eclipse.text/3.12.300/org.eclipse.text-3.12.300.jar:/home/lecasseur/.m2/repository/org/eclipse/platform/org.eclipse.core.commands/3.10.300/org.eclipse.core.commands-3.10.300.jar:/home/lecasseur/.m2/repository/org/eclipse/jdt/ecj/3.33.0/ecj-3.33.0.jar:/home/lecasseur/.m2/repository/com/googlecode/json-simple/json-simple/1.1.1/json-simple-1.1.1.jar:"/>
    <property name="java.vm.vendor" value="Private Build"/>
    <property name="sun.arch.data.model" value="64"/>
    <property name="java.vendor.url" value="Unknown"/>
    <property name="os.name" value="Linux"/>
    <property name="java.vm.specification.version" value="17"/>
    <property name="sun.java.launcher" value="SUN_STANDARD"/>
    <property name="user.country" value="FR"/>
    <property name="sun.boot.library.path" value="/usr/lib/jvm/java-17-openjdk-amd64/lib"/>
    <property name="sun.java.command" value="/home/lecasseur/git/pstl-aboubacar-shuhan/target/surefire/surefirebooter1635321166447264344.jar /home/lecasseur/git/pstl-aboubacar-shuhan/target/surefire 2023-05-23T23-17-15_888-jvmRun1 surefire14534072442152206579tmp surefire_06486615461983813234tmp"/>
    <property name="jdk.debug" value="release"/>
    <property name="surefire.test.class.path" value="/home/lecasseur/git/pstl-aboubacar-shuhan/target/test-classes:/home/lecasseur/git/pstl-aboubacar-shuhan/target/classes:/home/lecasseur/.m2/repository/junit/junit/4.11/junit-4.11.jar:/home/lecasseur/.m2/repository/org/hamcrest/hamcrest-core/1.3/hamcrest-core-1.3.jar:/home/lecasseur/.m2/repository/org/eclipse/jdt/org.eclipse.jdt.core/3.33.0/org.eclipse.jdt.core-3.33.0.jar:/home/lecasseur/.m2/repository/org/eclipse/platform/org.eclipse.core.resources/3.18.200/org.eclipse.core.resources-3.18.200.jar:/home/lecasseur/.m2/repository/org/eclipse/platform/org.eclipse.core.expressions/3.8.200/org.eclipse.core.expressions-3.8.200.jar:/home/lecasseur/.m2/repository/org/eclipse/platform/org.eclipse.osgi/3.18.300/org.eclipse.osgi-3.18.300.jar:/home/lecasseur/.m2/repository/org/eclipse/platform/org.eclipse.core.runtime/3.26.100/org.eclipse.core.runtime-3.26.100.jar:/home/lecasseur/.m2/repository/org/eclipse/platform/org.eclipse.equinox.common/3.17.0/org.eclipse.equinox.common-3.17.0.jar:/home/lecasseur/.m2/repository/org/eclipse/platform/org.eclipse.core.jobs/3.13.200/org.eclipse.core.jobs-3.13.200.jar:/home/lecasseur/.m2/repository/org/eclipse/platform/org.eclipse.equinox.registry/3.11.200/org.eclipse.equinox.registry-3.11.200.jar:/home/lecasseur/.m2/repository/org/eclipse/platform/org.eclipse.equinox.preferences/3.10.100/org.eclipse.equinox.preferences-3.10.100.jar:/home/lecasseur/.m2/repository/org/osgi/org.osgi.service.prefs/1.1.2/org.osgi.service.prefs-1.1.2.jar:/home/lecasseur/.m2/repository/org/osgi/osgi.annotation/8.0.1/osgi.annotation-8.0.1.jar:/home/lecasseur/.m2/repository/org/eclipse/platform/org.eclipse.core.contenttype/3.8.200/org.eclipse.core.contenttype-3.8.200.jar:/home/lecasseur/.m2/repository/org/eclipse/platform/org.eclipse.equinox.app/1.6.200/org.eclipse.equinox.app-1.6.200.jar:/home/lecasseur/.m2/repository/org/eclipse/platform/org.eclipse.core.filesystem/1.9.500/org.eclipse.core.filesystem-1.9.500.jar:/home/lecasseur/.m2/repository/org/eclipse/platform/org.eclipse.text/3.12.300/org.eclipse.text-3.12.300.jar:/home/lecasseur/.m2/repository/org/eclipse/platform/org.eclipse.core.commands/3.10.300/org.eclipse.core.commands-3.10.300.jar:/home/lecasseur/.m2/repository/org/eclipse/jdt/ecj/3.33.0/ecj-3.33.0.jar:/home/lecasseur/.m2/repository/com/googlecode/json-simple/json-simple/1.1.1/json-simple-1.1.1.jar:"/>
    <property name="sun.cpu.endian" value="little"/>
    <property name="user.home" value="/home/lecasseur"/>
    <property name="user.language" value="fr"/>
    <property name="java.specification.vendor" value="Oracle Corporation"/>
    <property name="java.version.date" value="2023-04-18"/>
    <property name="java.home" value="/usr/lib/jvm/java-17-openjdk-amd64"/>
    <property name="file.separator" value="/"/>
    <property name="basedir" value="/home/lecasseur/git/pstl-aboubacar-shuhan"/>
    <property name="java.vm.compressedOopsMode" value="Zero based"/>
    <property name="line.separator" value="&#10;"/>
    <property name="java.vm.specification.vendor" value="Oracle Corporation"/>
    <property name="java.specification.name" value="Java Platform API Specification"/>
    <property name="surefire.real.class.path" value="/home/lecasseur/git/pstl-aboubacar-shuhan/target/surefire/surefirebooter1635321166447264344.jar"/>
    <property name="sun.management.compiler" value="HotSpot 64-Bit Tiered Compilers"/>
    <property name="java.runtime.version" value="17.0.7+7-Ubuntu-0ubuntu122.04.2"/>
    <property name="user.name" value="lecasseur"/>
    <property name="path.separator" value=":"/>
    <property name="os.version" value="5.19.0-41-generic"/>
    <property name="java.runtime.name" value="OpenJDK Runtime Environment"/>
    <property name="file.encoding" value="UTF-8"/>
    <property name="java.vm.name" value="OpenJDK 64-Bit Server VM"/>
    <property name="localRepository" value="/home/lecasseur/.m2/repository"/>
    <property name="java.vendor.url.bug" value="Unknown"/>
    <property name="java.io.tmpdir" value="/tmp"/>
    <property name="java.version" value="17.0.7"/>
    <property name="user.dir" value="/home/lecasseur/git/pstl-aboubacar-shuhan"/>
    <property name="os.arch" value="amd64"/>
    <property name="java.vm.specification.name" value="Java Virtual Machine Specification"/>
    <property name="native.encoding" value="UTF-8"/>
    <property name="java.library.path" value="/usr/java/packages/lib:/usr/lib/x86_64-linux-gnu/jni:/lib/x86_64-linux-gnu:/usr/lib/x86_64-linux-gnu:/usr/lib/jni:/lib:/usr/lib"/>
    <property name="java.vm.info" value="mixed mode, sharing"/>
    <property name="java.vendor" value="Private Build"/>
    <property name="java.vm.version" value="17.0.7+7-Ubuntu-0ubuntu122.04.2"/>
    <property name="sun.io.unicode.encoding" value="UnicodeLittle"/>
    <property name="java.class.version" value="61.0"/>
  </properties>
  <testcase name="shouldAnswerWithTrue" classname="com.sorbonne.pstl.AppTest" time="0.002"/>
</testsuite>